[2024-05-12T10:23:44.221+0000] {manager.py:470} INFO - Processing files using up to 1 processes at a time 
[2024-05-12T10:23:44.222+0000] {manager.py:471} INFO - Process each file at most once every 30 seconds
[2024-05-12T10:23:44.223+0000] {manager.py:472} INFO - Checking for new files in /opt/airflow/dags every 300 seconds
[2024-05-12T10:23:44.224+0000] {manager.py:737} INFO - Searching for files in /opt/airflow/dags
[2024-05-12T10:23:44.226+0000] {manager.py:740} INFO - There are 0 files in /opt/airflow/dags
[2024-05-12T10:28:44.826+0000] {manager.py:737} INFO - Searching for files in /opt/airflow/dags
[2024-05-12T10:28:44.829+0000] {manager.py:740} INFO - There are 0 files in /opt/airflow/dags
[2024-05-12T10:33:45.206+0000] {manager.py:737} INFO - Searching for files in /opt/airflow/dags
[2024-05-12T10:33:45.208+0000] {manager.py:740} INFO - There are 0 files in /opt/airflow/dags
[2024-05-12T10:38:45.741+0000] {manager.py:737} INFO - Searching for files in /opt/airflow/dags
[2024-05-12T10:38:45.744+0000] {manager.py:740} INFO - There are 0 files in /opt/airflow/dags
[2024-05-12T10:43:46.899+0000] {manager.py:737} INFO - Searching for files in /opt/airflow/dags
[2024-05-12T10:43:46.901+0000] {manager.py:740} INFO - There are 0 files in /opt/airflow/dags
[2024-05-12T10:48:47.198+0000] {manager.py:737} INFO - Searching for files in /opt/airflow/dags
[2024-05-12T10:48:47.201+0000] {manager.py:740} INFO - There are 0 files in /opt/airflow/dags
[2024-05-12T10:53:48.209+0000] {manager.py:737} INFO - Searching for files in /opt/airflow/dags
[2024-05-12T10:53:48.233+0000] {manager.py:740} INFO - There are 0 files in /opt/airflow/dags
[2024-05-12T10:58:48.919+0000] {manager.py:737} INFO - Searching for files in /opt/airflow/dags
[2024-05-12T10:58:48.944+0000] {manager.py:740} INFO - There are 1 files in /opt/airflow/dags
[2024-05-12T10:59:05.460+0000] {manager.py:878} INFO - 
================================================================================
DAG File Processing Stats

File Path                    PID    Runtime      # DAGs    # Errors  Last Runtime    Last Run
---------------------------  -----  ---------  --------  ----------  --------------  -------------------
/opt/airflow/dags/script.py                           0           1  0.32s           2024-05-12T10:58:49
================================================================================
[2024-05-12T10:59:35.976+0000] {manager.py:878} INFO - 
================================================================================
DAG File Processing Stats

File Path                    PID    Runtime      # DAGs    # Errors  Last Runtime    Last Run
---------------------------  -----  ---------  --------  ----------  --------------  -------------------
/opt/airflow/dags/script.py                           0           1  0.21s           2024-05-12T10:59:20
================================================================================
[2024-05-12T11:00:06.249+0000] {manager.py:878} INFO - 
================================================================================
DAG File Processing Stats

File Path                    PID    Runtime      # DAGs    # Errors  Last Runtime    Last Run
---------------------------  -----  ---------  --------  ----------  --------------  -------------------
/opt/airflow/dags/script.py                           0           1  0.21s           2024-05-12T10:59:51
================================================================================
[2024-05-12T11:00:36.622+0000] {manager.py:878} INFO - 
================================================================================
DAG File Processing Stats

File Path                    PID    Runtime      # DAGs    # Errors  Last Runtime    Last Run
---------------------------  -----  ---------  --------  ----------  --------------  -------------------
/opt/airflow/dags/script.py                           0           1  0.21s           2024-05-12T11:00:21
================================================================================
[2024-05-12T11:01:06.697+0000] {manager.py:878} INFO - 
================================================================================
DAG File Processing Stats

File Path                    PID    Runtime      # DAGs    # Errors  Last Runtime    Last Run
---------------------------  -----  ---------  --------  ----------  --------------  -------------------
/opt/airflow/dags/script.py                           0           1  0.21s           2024-05-12T11:00:52
================================================================================
[2024-05-12T11:01:36.848+0000] {manager.py:878} INFO - 
================================================================================
DAG File Processing Stats

File Path                    PID    Runtime      # DAGs    # Errors  Last Runtime    Last Run
---------------------------  -----  ---------  --------  ----------  --------------  -------------------
/opt/airflow/dags/script.py                           0           1  0.21s           2024-05-12T11:01:22
================================================================================
[2024-05-12T11:02:06.947+0000] {manager.py:878} INFO - 
================================================================================
DAG File Processing Stats

File Path                    PID    Runtime      # DAGs    # Errors  Last Runtime    Last Run
---------------------------  -----  ---------  --------  ----------  --------------  -------------------
/opt/airflow/dags/script.py                           0           1  0.21s           2024-05-12T11:01:53
================================================================================
[2024-05-12T11:02:37.127+0000] {manager.py:878} INFO - 
================================================================================
DAG File Processing Stats

File Path                    PID    Runtime      # DAGs    # Errors  Last Runtime    Last Run
---------------------------  -----  ---------  --------  ----------  --------------  -------------------
/opt/airflow/dags/script.py                           0           1  0.21s           2024-05-12T11:02:23
================================================================================
[2024-05-12T11:03:07.207+0000] {manager.py:878} INFO - 
================================================================================
DAG File Processing Stats

File Path                    PID    Runtime      # DAGs    # Errors  Last Runtime    Last Run
---------------------------  -----  ---------  --------  ----------  --------------  -------------------
/opt/airflow/dags/script.py                           0           1  0.21s           2024-05-12T11:02:54
================================================================================
[2024-05-12T11:03:38.128+0000] {manager.py:878} INFO - 
================================================================================
DAG File Processing Stats

File Path                    PID    Runtime      # DAGs    # Errors  Last Runtime    Last Run
---------------------------  -----  ---------  --------  ----------  --------------  -------------------
/opt/airflow/dags/script.py                           0           1  0.21s           2024-05-12T11:03:24
================================================================================
[2024-05-12T11:03:49.051+0000] {manager.py:737} INFO - Searching for files in /opt/airflow/dags
[2024-05-12T11:03:49.072+0000] {manager.py:740} INFO - There are 1 files in /opt/airflow/dags
[2024-05-12T11:04:08.398+0000] {manager.py:878} INFO - 
================================================================================
DAG File Processing Stats

File Path                    PID    Runtime      # DAGs    # Errors  Last Runtime    Last Run
---------------------------  -----  ---------  --------  ----------  --------------  -------------------
/opt/airflow/dags/script.py                           0           1  0.21s           2024-05-12T11:03:55
================================================================================
[2024-05-12T11:04:38.726+0000] {manager.py:878} INFO - 
================================================================================
DAG File Processing Stats

File Path                    PID    Runtime      # DAGs    # Errors  Last Runtime    Last Run
---------------------------  -----  ---------  --------  ----------  --------------  -------------------
/opt/airflow/dags/script.py                           0           1  0.21s           2024-05-12T11:04:25
================================================================================
[2024-05-12T11:05:08.972+0000] {manager.py:878} INFO - 
================================================================================
DAG File Processing Stats

File Path                    PID    Runtime      # DAGs    # Errors  Last Runtime    Last Run
---------------------------  -----  ---------  --------  ----------  --------------  -------------------
/opt/airflow/dags/script.py                           0           1  0.21s           2024-05-12T11:04:56
================================================================================
[2024-05-12T11:05:39.142+0000] {manager.py:878} INFO - 
================================================================================
DAG File Processing Stats

File Path                    PID    Runtime      # DAGs    # Errors  Last Runtime    Last Run
---------------------------  -----  ---------  --------  ----------  --------------  -------------------
/opt/airflow/dags/script.py                           0           1  0.21s           2024-05-12T11:05:26
================================================================================
[2024-05-12T11:06:09.228+0000] {manager.py:878} INFO - 
================================================================================
DAG File Processing Stats

File Path                    PID    Runtime      # DAGs    # Errors  Last Runtime    Last Run
---------------------------  -----  ---------  --------  ----------  --------------  -------------------
/opt/airflow/dags/script.py                           0           1  0.21s           2024-05-12T11:05:57
================================================================================
[2024-05-12T11:06:39.392+0000] {manager.py:878} INFO - 
================================================================================
DAG File Processing Stats

File Path                    PID    Runtime      # DAGs    # Errors  Last Runtime    Last Run
---------------------------  -----  ---------  --------  ----------  --------------  -------------------
/opt/airflow/dags/script.py                           0           1  0.21s           2024-05-12T11:06:27
================================================================================
[2024-05-12T11:07:09.593+0000] {manager.py:878} INFO - 
================================================================================
DAG File Processing Stats

File Path                    PID    Runtime      # DAGs    # Errors  Last Runtime    Last Run
---------------------------  -----  ---------  --------  ----------  --------------  -------------------
/opt/airflow/dags/script.py                           0           1  0.21s           2024-05-12T11:06:58
================================================================================
[2024-05-12T11:07:39.698+0000] {manager.py:878} INFO - 
================================================================================
DAG File Processing Stats

File Path                    PID    Runtime      # DAGs    # Errors  Last Runtime    Last Run
---------------------------  -----  ---------  --------  ----------  --------------  -------------------
/opt/airflow/dags/script.py                           0           1  0.21s           2024-05-12T11:07:28
================================================================================
[2024-05-12T11:08:10.361+0000] {manager.py:878} INFO - 
================================================================================
DAG File Processing Stats

File Path                    PID    Runtime      # DAGs    # Errors  Last Runtime    Last Run
---------------------------  -----  ---------  --------  ----------  --------------  -------------------
/opt/airflow/dags/script.py                           0           1  0.21s           2024-05-12T11:07:59
================================================================================
[2024-05-12T11:08:40.781+0000] {manager.py:878} INFO - 
================================================================================
DAG File Processing Stats

File Path                    PID    Runtime      # DAGs    # Errors  Last Runtime    Last Run
---------------------------  -----  ---------  --------  ----------  --------------  -------------------
/opt/airflow/dags/script.py                           0           1  0.21s           2024-05-12T11:08:29
================================================================================
[2024-05-12T11:08:49.920+0000] {manager.py:737} INFO - Searching for files in /opt/airflow/dags
[2024-05-12T11:08:49.947+0000] {manager.py:740} INFO - There are 1 files in /opt/airflow/dags
[2024-05-12T11:09:11.924+0000] {manager.py:878} INFO - 
================================================================================
DAG File Processing Stats

File Path                    PID    Runtime      # DAGs    # Errors  Last Runtime    Last Run
---------------------------  -----  ---------  --------  ----------  --------------  -------------------
/opt/airflow/dags/script.py                           0           1  0.21s           2024-05-12T11:09:00
================================================================================
[2024-05-12T11:09:43.023+0000] {manager.py:878} INFO - 
================================================================================
DAG File Processing Stats

File Path                    PID    Runtime      # DAGs    # Errors  Last Runtime    Last Run
---------------------------  -----  ---------  --------  ----------  --------------  -------------------
/opt/airflow/dags/script.py                           0           1  0.21s           2024-05-12T11:09:30
================================================================================
[2024-05-12T11:10:13.323+0000] {manager.py:878} INFO - 
================================================================================
DAG File Processing Stats

File Path                    PID    Runtime      # DAGs    # Errors  Last Runtime    Last Run
---------------------------  -----  ---------  --------  ----------  --------------  -------------------
/opt/airflow/dags/script.py                           0           1  0.21s           2024-05-12T11:10:01
================================================================================
[2024-05-12T11:10:43.508+0000] {manager.py:878} INFO - 
================================================================================
DAG File Processing Stats

File Path                    PID    Runtime      # DAGs    # Errors  Last Runtime    Last Run
---------------------------  -----  ---------  --------  ----------  --------------  -------------------
/opt/airflow/dags/script.py                           0           1  0.21s           2024-05-12T11:10:31
================================================================================
[2024-05-12T11:11:14.666+0000] {manager.py:878} INFO - 
================================================================================
DAG File Processing Stats

File Path                    PID    Runtime      # DAGs    # Errors  Last Runtime    Last Run
---------------------------  -----  ---------  --------  ----------  --------------  -------------------
/opt/airflow/dags/script.py                           0           1  0.21s           2024-05-12T11:11:02
================================================================================
[2024-05-12T11:11:44.751+0000] {manager.py:878} INFO - 
================================================================================
DAG File Processing Stats

File Path                    PID    Runtime      # DAGs    # Errors  Last Runtime    Last Run
---------------------------  -----  ---------  --------  ----------  --------------  -------------------
/opt/airflow/dags/script.py                           0           1  0.21s           2024-05-12T11:11:32
================================================================================
[2024-05-12T11:12:15.691+0000] {manager.py:878} INFO - 
================================================================================
DAG File Processing Stats

File Path                    PID    Runtime      # DAGs    # Errors  Last Runtime    Last Run
---------------------------  -----  ---------  --------  ----------  --------------  -------------------
/opt/airflow/dags/script.py                           0           1  0.21s           2024-05-12T11:12:03
================================================================================
[2024-05-12T11:12:45.919+0000] {manager.py:878} INFO - 
================================================================================
DAG File Processing Stats

File Path                    PID    Runtime      # DAGs    # Errors  Last Runtime    Last Run
---------------------------  -----  ---------  --------  ----------  --------------  -------------------
/opt/airflow/dags/script.py                           0           1  0.21s           2024-05-12T11:12:33
================================================================================
[2024-05-12T11:13:16.208+0000] {manager.py:878} INFO - 
================================================================================
DAG File Processing Stats

File Path                    PID    Runtime      # DAGs    # Errors  Last Runtime    Last Run
---------------------------  -----  ---------  --------  ----------  --------------  -------------------
/opt/airflow/dags/script.py                           0           1  0.25s           2024-05-12T11:13:04
================================================================================
[2024-05-12T11:13:46.744+0000] {manager.py:878} INFO - 
================================================================================
DAG File Processing Stats

File Path                    PID    Runtime      # DAGs    # Errors  Last Runtime    Last Run
---------------------------  -----  ---------  --------  ----------  --------------  -------------------
/opt/airflow/dags/script.py                           0           1  0.21s           2024-05-12T11:13:34
================================================================================
[2024-05-12T11:13:50.246+0000] {manager.py:737} INFO - Searching for files in /opt/airflow/dags
[2024-05-12T11:13:50.273+0000] {manager.py:740} INFO - There are 1 files in /opt/airflow/dags
[2024-05-12T11:14:17.769+0000] {manager.py:878} INFO - 
================================================================================
DAG File Processing Stats

File Path                    PID    Runtime      # DAGs    # Errors  Last Runtime    Last Run
---------------------------  -----  ---------  --------  ----------  --------------  -------------------
/opt/airflow/dags/script.py                           0           1  0.21s           2024-05-12T11:14:05
================================================================================
[2024-05-12T11:14:47.925+0000] {manager.py:878} INFO - 
================================================================================
DAG File Processing Stats

File Path                    PID    Runtime      # DAGs    # Errors  Last Runtime    Last Run
---------------------------  -----  ---------  --------  ----------  --------------  -------------------
/opt/airflow/dags/script.py                           0           1  0.21s           2024-05-12T11:14:35
================================================================================
[2024-05-12T11:15:18.808+0000] {manager.py:878} INFO - 
================================================================================
DAG File Processing Stats

File Path                    PID    Runtime      # DAGs    # Errors  Last Runtime    Last Run
---------------------------  -----  ---------  --------  ----------  --------------  -------------------
/opt/airflow/dags/script.py                           0           1  0.21s           2024-05-12T11:15:05
================================================================================
[2024-05-12T11:15:49.347+0000] {manager.py:878} INFO - 
================================================================================
DAG File Processing Stats

File Path                    PID    Runtime      # DAGs    # Errors  Last Runtime    Last Run
---------------------------  -----  ---------  --------  ----------  --------------  -------------------
/opt/airflow/dags/script.py                           0           1  0.21s           2024-05-12T11:15:36
================================================================================
[2024-05-12T11:16:20.077+0000] {manager.py:878} INFO - 
================================================================================
DAG File Processing Stats

File Path                    PID    Runtime      # DAGs    # Errors  Last Runtime    Last Run
---------------------------  -----  ---------  --------  ----------  --------------  -------------------
/opt/airflow/dags/script.py                           0           1  0.21s           2024-05-12T11:16:06
================================================================================
[2024-05-12T11:16:50.328+0000] {manager.py:878} INFO - 
================================================================================
DAG File Processing Stats

File Path                    PID    Runtime      # DAGs    # Errors  Last Runtime    Last Run
---------------------------  -----  ---------  --------  ----------  --------------  -------------------
/opt/airflow/dags/script.py                           0           1  0.21s           2024-05-12T11:16:37
================================================================================
[2024-05-12T11:17:20.659+0000] {manager.py:878} INFO - 
================================================================================
DAG File Processing Stats

File Path                    PID    Runtime      # DAGs    # Errors  Last Runtime    Last Run
---------------------------  -----  ---------  --------  ----------  --------------  -------------------
/opt/airflow/dags/script.py                           0           1  0.21s           2024-05-12T11:17:07
================================================================================
[2024-05-12T11:17:50.838+0000] {manager.py:878} INFO - 
================================================================================
DAG File Processing Stats

File Path                    PID    Runtime      # DAGs    # Errors  Last Runtime    Last Run
---------------------------  -----  ---------  --------  ----------  --------------  -------------------
/opt/airflow/dags/script.py                           0           1  0.21s           2024-05-12T11:17:38
================================================================================
[2024-05-12T11:18:21.625+0000] {manager.py:878} INFO - 
================================================================================
DAG File Processing Stats

File Path                    PID    Runtime      # DAGs    # Errors  Last Runtime    Last Run
---------------------------  -----  ---------  --------  ----------  --------------  -------------------
/opt/airflow/dags/script.py                           0           1  0.21s           2024-05-12T11:18:08
================================================================================
[2024-05-12T11:18:50.752+0000] {manager.py:737} INFO - Searching for files in /opt/airflow/dags
[2024-05-12T11:18:50.778+0000] {manager.py:740} INFO - There are 1 files in /opt/airflow/dags
[2024-05-12T11:18:52.016+0000] {manager.py:878} INFO - 
================================================================================
DAG File Processing Stats

File Path                    PID    Runtime      # DAGs    # Errors  Last Runtime    Last Run
---------------------------  -----  ---------  --------  ----------  --------------  -------------------
/opt/airflow/dags/script.py                           0           1  0.21s           2024-05-12T11:18:39
================================================================================
[2024-05-12T11:19:23.101+0000] {manager.py:878} INFO - 
================================================================================
DAG File Processing Stats

File Path                    PID    Runtime      # DAGs    # Errors  Last Runtime    Last Run
---------------------------  -----  ---------  --------  ----------  --------------  -------------------
/opt/airflow/dags/script.py                           0           1  0.21s           2024-05-12T11:19:09
================================================================================
[2024-05-12T11:19:54.029+0000] {manager.py:878} INFO - 
================================================================================
DAG File Processing Stats

File Path                    PID    Runtime      # DAGs    # Errors  Last Runtime    Last Run
---------------------------  -----  ---------  --------  ----------  --------------  -------------------
/opt/airflow/dags/script.py                           0           1  0.21s           2024-05-12T11:19:40
================================================================================
[2024-05-12T11:20:24.547+0000] {manager.py:878} INFO - 
================================================================================
DAG File Processing Stats

File Path                    PID    Runtime      # DAGs    # Errors  Last Runtime    Last Run
---------------------------  -----  ---------  --------  ----------  --------------  -------------------
/opt/airflow/dags/script.py                           0           1  0.21s           2024-05-12T11:20:11
================================================================================
[2024-05-12T11:20:54.631+0000] {manager.py:878} INFO - 
================================================================================
DAG File Processing Stats

File Path                    PID    Runtime      # DAGs    # Errors  Last Runtime    Last Run
---------------------------  -----  ---------  --------  ----------  --------------  -------------------
/opt/airflow/dags/script.py                           0           1  0.21s           2024-05-12T11:20:41
================================================================================
[2024-05-12T11:21:24.645+0000] {manager.py:878} INFO - 
================================================================================
DAG File Processing Stats

File Path                    PID    Runtime      # DAGs    # Errors  Last Runtime    Last Run
---------------------------  -----  ---------  --------  ----------  --------------  -------------------
/opt/airflow/dags/script.py                           0           1  0.21s           2024-05-12T11:21:12
================================================================================
[2024-05-12T11:21:55.418+0000] {manager.py:878} INFO - 
================================================================================
DAG File Processing Stats

File Path                    PID    Runtime      # DAGs    # Errors  Last Runtime    Last Run
---------------------------  -----  ---------  --------  ----------  --------------  -------------------
/opt/airflow/dags/script.py                           0           1  0.21s           2024-05-12T11:21:42
================================================================================
[2024-05-12T11:22:25.635+0000] {manager.py:878} INFO - 
================================================================================
DAG File Processing Stats

File Path                    PID    Runtime      # DAGs    # Errors  Last Runtime    Last Run
---------------------------  -----  ---------  --------  ----------  --------------  -------------------
/opt/airflow/dags/script.py                           0           1  0.21s           2024-05-12T11:22:13
================================================================================
[2024-05-12T11:22:55.651+0000] {manager.py:878} INFO - 
================================================================================
DAG File Processing Stats

File Path                    PID    Runtime      # DAGs    # Errors  Last Runtime    Last Run
---------------------------  -----  ---------  --------  ----------  --------------  -------------------
/opt/airflow/dags/script.py                           0           1  0.20s           2024-05-12T11:22:43
================================================================================
[2024-05-12T11:23:26.685+0000] {manager.py:878} INFO - 
================================================================================
DAG File Processing Stats

File Path                    PID    Runtime      # DAGs    # Errors  Last Runtime    Last Run
---------------------------  -----  ---------  --------  ----------  --------------  -------------------
/opt/airflow/dags/script.py                           0           1  0.11s           2024-05-12T11:23:14
================================================================================
[2024-05-12T11:23:51.202+0000] {manager.py:737} INFO - Searching for files in /opt/airflow/dags
[2024-05-12T11:23:51.218+0000] {manager.py:740} INFO - There are 1 files in /opt/airflow/dags
[2024-05-12T11:23:57.667+0000] {manager.py:878} INFO - 
================================================================================
DAG File Processing Stats

File Path                    PID    Runtime      # DAGs    # Errors  Last Runtime    Last Run
---------------------------  -----  ---------  --------  ----------  --------------  -------------------
/opt/airflow/dags/script.py                           0           1  0.11s           2024-05-12T11:23:44
================================================================================
[2024-05-12T11:24:28.751+0000] {manager.py:878} INFO - 
================================================================================
DAG File Processing Stats

File Path                    PID    Runtime      # DAGs    # Errors  Last Runtime    Last Run
---------------------------  -----  ---------  --------  ----------  --------------  -------------------
/opt/airflow/dags/script.py                           0           1  0.21s           2024-05-12T11:24:15
================================================================================
[2024-05-12T11:24:58.765+0000] {manager.py:878} INFO - 
================================================================================
DAG File Processing Stats

File Path                    PID    Runtime      # DAGs    # Errors  Last Runtime    Last Run
---------------------------  -----  ---------  --------  ----------  --------------  -------------------
/opt/airflow/dags/script.py                           0           1  0.21s           2024-05-12T11:24:45
================================================================================
[2024-05-12T11:25:29.722+0000] {manager.py:878} INFO - 
================================================================================
DAG File Processing Stats

File Path                    PID    Runtime      # DAGs    # Errors  Last Runtime    Last Run
---------------------------  -----  ---------  --------  ----------  --------------  -------------------
/opt/airflow/dags/script.py                           0           1  0.21s           2024-05-12T11:25:15
================================================================================
[2024-05-12T11:26:00.660+0000] {manager.py:878} INFO - 
================================================================================
DAG File Processing Stats

File Path                    PID    Runtime      # DAGs    # Errors  Last Runtime    Last Run
---------------------------  -----  ---------  --------  ----------  --------------  -------------------
/opt/airflow/dags/script.py                           0           1  0.11s           2024-05-12T11:25:46
================================================================================
[2024-05-12T11:26:31.718+0000] {manager.py:878} INFO - 
================================================================================
DAG File Processing Stats

File Path                    PID    Runtime      # DAGs    # Errors  Last Runtime    Last Run
---------------------------  -----  ---------  --------  ----------  --------------  -------------------
/opt/airflow/dags/script.py                           0           1  0.11s           2024-05-12T11:26:16
================================================================================
[2024-05-12T11:27:01.850+0000] {manager.py:878} INFO - 
================================================================================
DAG File Processing Stats

File Path                    PID    Runtime      # DAGs    # Errors  Last Runtime    Last Run
---------------------------  -----  ---------  --------  ----------  --------------  -------------------
/opt/airflow/dags/script.py                           0           1  0.21s           2024-05-12T11:26:47
================================================================================
[2024-05-12T11:27:32.610+0000] {manager.py:878} INFO - 
================================================================================
DAG File Processing Stats

File Path                    PID    Runtime      # DAGs    # Errors  Last Runtime    Last Run
---------------------------  -----  ---------  --------  ----------  --------------  -------------------
/opt/airflow/dags/script.py                           0           1  0.21s           2024-05-12T11:27:17
================================================================================
[2024-05-12T11:28:03.034+0000] {manager.py:878} INFO - 
================================================================================
DAG File Processing Stats

File Path                    PID    Runtime      # DAGs    # Errors  Last Runtime    Last Run
---------------------------  -----  ---------  --------  ----------  --------------  -------------------
/opt/airflow/dags/script.py                           0           1  0.21s           2024-05-12T11:27:47
================================================================================
[2024-05-12T11:28:33.424+0000] {manager.py:878} INFO - 
================================================================================
DAG File Processing Stats

File Path                    PID    Runtime      # DAGs    # Errors  Last Runtime    Last Run
---------------------------  -----  ---------  --------  ----------  --------------  -------------------
/opt/airflow/dags/script.py                           0           1  0.11s           2024-05-12T11:28:18
================================================================================
[2024-05-12T11:28:52.326+0000] {manager.py:737} INFO - Searching for files in /opt/airflow/dags
[2024-05-12T11:28:52.356+0000] {manager.py:740} INFO - There are 1 files in /opt/airflow/dags
[2024-05-12T11:29:03.760+0000] {manager.py:878} INFO - 
================================================================================
DAG File Processing Stats

File Path                    PID    Runtime      # DAGs    # Errors  Last Runtime    Last Run
---------------------------  -----  ---------  --------  ----------  --------------  -------------------
/opt/airflow/dags/script.py                           0           1  0.21s           2024-05-12T11:28:48
================================================================================
[2024-05-12T11:29:33.924+0000] {manager.py:878} INFO - 
================================================================================
DAG File Processing Stats

File Path                    PID    Runtime      # DAGs    # Errors  Last Runtime    Last Run
---------------------------  -----  ---------  --------  ----------  --------------  -------------------
/opt/airflow/dags/script.py                           0           1  0.25s           2024-05-12T11:29:19
================================================================================
[2024-05-12T11:30:04.017+0000] {manager.py:878} INFO - 
================================================================================
DAG File Processing Stats

File Path                    PID    Runtime      # DAGs    # Errors  Last Runtime    Last Run
---------------------------  -----  ---------  --------  ----------  --------------  -------------------
/opt/airflow/dags/script.py                           0           1  0.21s           2024-05-12T11:29:49
================================================================================
[2024-05-12T11:30:34.819+0000] {manager.py:878} INFO - 
================================================================================
DAG File Processing Stats

File Path                    PID    Runtime      # DAGs    # Errors  Last Runtime    Last Run
---------------------------  -----  ---------  --------  ----------  --------------  -------------------
/opt/airflow/dags/script.py                           0           1  0.21s           2024-05-12T11:30:20
================================================================================
[2024-05-12T11:31:05.011+0000] {manager.py:878} INFO - 
================================================================================
DAG File Processing Stats

File Path                    PID    Runtime      # DAGs    # Errors  Last Runtime    Last Run
---------------------------  -----  ---------  --------  ----------  --------------  -------------------
/opt/airflow/dags/script.py                           0           1  0.21s           2024-05-12T11:30:51
================================================================================
[2024-05-12T11:31:35.056+0000] {manager.py:878} INFO - 
================================================================================
DAG File Processing Stats

File Path                    PID    Runtime      # DAGs    # Errors  Last Runtime    Last Run
---------------------------  -----  ---------  --------  ----------  --------------  -------------------
/opt/airflow/dags/script.py                           0           1  0.21s           2024-05-12T11:31:21
================================================================================
[2024-05-12T11:32:05.095+0000] {manager.py:878} INFO - 
================================================================================
DAG File Processing Stats

File Path                    PID    Runtime      # DAGs    # Errors  Last Runtime    Last Run
---------------------------  -----  ---------  --------  ----------  --------------  -------------------
/opt/airflow/dags/script.py                           0           1  0.20s           2024-05-12T11:31:52
================================================================================
[2024-05-12T11:32:36.061+0000] {manager.py:878} INFO - 
================================================================================
DAG File Processing Stats

File Path                    PID    Runtime      # DAGs    # Errors  Last Runtime    Last Run
---------------------------  -----  ---------  --------  ----------  --------------  -------------------
/opt/airflow/dags/script.py                           0           1  0.21s           2024-05-12T11:32:22
================================================================================
[2024-05-12T11:33:07.195+0000] {manager.py:878} INFO - 
================================================================================
DAG File Processing Stats

File Path                    PID    Runtime      # DAGs    # Errors  Last Runtime    Last Run
---------------------------  -----  ---------  --------  ----------  --------------  -------------------
/opt/airflow/dags/script.py                           0           1  0.20s           2024-05-12T11:32:52
================================================================================
[2024-05-12T11:33:37.327+0000] {manager.py:878} INFO - 
================================================================================
DAG File Processing Stats

File Path                    PID    Runtime      # DAGs    # Errors  Last Runtime    Last Run
---------------------------  -----  ---------  --------  ----------  --------------  -------------------
/opt/airflow/dags/script.py                           0           1  0.21s           2024-05-12T11:33:23
================================================================================
[2024-05-12T11:33:52.995+0000] {manager.py:737} INFO - Searching for files in /opt/airflow/dags
[2024-05-12T11:33:53.044+0000] {manager.py:740} INFO - There are 1 files in /opt/airflow/dags
[2024-05-12T11:34:07.941+0000] {manager.py:878} INFO - 
================================================================================
DAG File Processing Stats

File Path                    PID    Runtime      # DAGs    # Errors  Last Runtime    Last Run
---------------------------  -----  ---------  --------  ----------  --------------  -------------------
/opt/airflow/dags/script.py                           0           1  0.21s           2024-05-12T11:33:53
================================================================================
[2024-05-12T11:34:38.439+0000] {manager.py:878} INFO - 
================================================================================
DAG File Processing Stats

File Path                    PID    Runtime      # DAGs    # Errors  Last Runtime    Last Run
---------------------------  -----  ---------  --------  ----------  --------------  -------------------
/opt/airflow/dags/script.py                           0           1  0.22s           2024-05-12T11:34:25
================================================================================
[2024-05-12T11:35:08.632+0000] {manager.py:878} INFO - 
================================================================================
DAG File Processing Stats

File Path                    PID    Runtime      # DAGs    # Errors  Last Runtime    Last Run
---------------------------  -----  ---------  --------  ----------  --------------  -------------------
/opt/airflow/dags/script.py                           0           1  0.21s           2024-05-12T11:34:55
================================================================================
[2024-05-12T11:35:38.761+0000] {manager.py:878} INFO - 
================================================================================
DAG File Processing Stats

File Path                    PID    Runtime      # DAGs    # Errors  Last Runtime    Last Run
---------------------------  -----  ---------  --------  ----------  --------------  -------------------
/opt/airflow/dags/script.py                           0           1  0.21s           2024-05-12T11:35:26
================================================================================
[2024-05-12T11:36:08.769+0000] {manager.py:878} INFO - 
================================================================================
DAG File Processing Stats

File Path                    PID    Runtime      # DAGs    # Errors  Last Runtime    Last Run
---------------------------  -----  ---------  --------  ----------  --------------  -------------------
/opt/airflow/dags/script.py                           0           1  0.21s           2024-05-12T11:35:56
================================================================================
[2024-05-12T11:36:39.503+0000] {manager.py:878} INFO - 
================================================================================
DAG File Processing Stats

File Path                    PID    Runtime      # DAGs    # Errors  Last Runtime    Last Run
---------------------------  -----  ---------  --------  ----------  --------------  -------------------
/opt/airflow/dags/script.py                           0           1  0.21s           2024-05-12T11:36:26
================================================================================
[2024-05-12T11:37:09.670+0000] {manager.py:878} INFO - 
================================================================================
DAG File Processing Stats

File Path                    PID    Runtime      # DAGs    # Errors  Last Runtime    Last Run
---------------------------  -----  ---------  --------  ----------  --------------  -------------------
/opt/airflow/dags/script.py                           0           1  0.31s           2024-05-12T11:37:04
================================================================================
[2024-05-12T11:37:39.865+0000] {manager.py:878} INFO - 
================================================================================
DAG File Processing Stats

File Path                    PID    Runtime      # DAGs    # Errors  Last Runtime    Last Run
---------------------------  -----  ---------  --------  ----------  --------------  -------------------
/opt/airflow/dags/script.py                           0           1  0.31s           2024-05-12T11:37:34
================================================================================
[2024-05-12T11:38:10.982+0000] {manager.py:878} INFO - 
================================================================================
DAG File Processing Stats

File Path                    PID    Runtime      # DAGs    # Errors  Last Runtime    Last Run
---------------------------  -----  ---------  --------  ----------  --------------  -------------------
/opt/airflow/dags/script.py                           0           1  0.21s           2024-05-12T11:38:05
================================================================================
[2024-05-12T11:38:41.002+0000] {manager.py:878} INFO - 
================================================================================
DAG File Processing Stats

File Path                    PID    Runtime      # DAGs    # Errors  Last Runtime    Last Run
---------------------------  -----  ---------  --------  ----------  --------------  -------------------
/opt/airflow/dags/script.py                           0           1  0.21s           2024-05-12T11:38:36
================================================================================
[2024-05-12T11:38:53.753+0000] {manager.py:737} INFO - Searching for files in /opt/airflow/dags
[2024-05-12T11:38:53.806+0000] {manager.py:740} INFO - There are 1 files in /opt/airflow/dags
[2024-05-12T11:39:11.167+0000] {manager.py:878} INFO - 
================================================================================
DAG File Processing Stats

File Path                    PID    Runtime      # DAGs    # Errors  Last Runtime    Last Run
---------------------------  -----  ---------  --------  ----------  --------------  -------------------
/opt/airflow/dags/script.py                           0           1  0.31s           2024-05-12T11:39:07
================================================================================
[2024-05-12T11:39:42.295+0000] {manager.py:878} INFO - 
================================================================================
DAG File Processing Stats

File Path                    PID    Runtime      # DAGs    # Errors  Last Runtime    Last Run
---------------------------  -----  ---------  --------  ----------  --------------  -------------------
/opt/airflow/dags/script.py                           0           1  0.21s           2024-05-12T11:39:38
================================================================================
[2024-05-12T11:40:12.615+0000] {manager.py:878} INFO - 
================================================================================
DAG File Processing Stats

File Path                    PID    Runtime      # DAGs    # Errors  Last Runtime    Last Run
---------------------------  -----  ---------  --------  ----------  --------------  -------------------
/opt/airflow/dags/script.py                           0           1  0.10s           2024-05-12T11:40:09
================================================================================
[2024-05-12T11:40:42.680+0000] {manager.py:878} INFO - 
================================================================================
DAG File Processing Stats

File Path                    PID    Runtime      # DAGs    # Errors  Last Runtime    Last Run
---------------------------  -----  ---------  --------  ----------  --------------  -------------------
/opt/airflow/dags/script.py                           0           1  0.10s           2024-05-12T11:40:40
================================================================================
[2024-05-12T11:41:12.831+0000] {manager.py:878} INFO - 
================================================================================
DAG File Processing Stats

File Path                    PID    Runtime      # DAGs    # Errors  Last Runtime    Last Run
---------------------------  -----  ---------  --------  ----------  --------------  -------------------
/opt/airflow/dags/script.py                           0           1  0.11s           2024-05-12T11:41:11
================================================================================
[2024-05-12T11:41:42.973+0000] {manager.py:878} INFO - 
================================================================================
DAG File Processing Stats

File Path                    PID    Runtime      # DAGs    # Errors  Last Runtime    Last Run
---------------------------  -----  ---------  --------  ----------  --------------  -------------------
/opt/airflow/dags/script.py                           0           1  0.10s           2024-05-12T11:41:41
================================================================================
[2024-05-12T11:42:13.109+0000] {manager.py:878} INFO - 
================================================================================
DAG File Processing Stats

File Path                    PID    Runtime      # DAGs    # Errors  Last Runtime    Last Run
---------------------------  -----  ---------  --------  ----------  --------------  -------------------
/opt/airflow/dags/script.py                           0           1  0.10s           2024-05-12T11:42:12
================================================================================
[2024-05-12T11:42:43.244+0000] {manager.py:878} INFO - 
================================================================================
DAG File Processing Stats

File Path                    PID    Runtime      # DAGs    # Errors  Last Runtime    Last Run
---------------------------  -----  ---------  --------  ----------  --------------  -------------------
/opt/airflow/dags/script.py                           0           1  0.10s           2024-05-12T11:42:42
================================================================================
[2024-05-12T11:43:13.279+0000] {manager.py:878} INFO - 
================================================================================
DAG File Processing Stats

File Path                    PID    Runtime      # DAGs    # Errors  Last Runtime    Last Run
---------------------------  -----  ---------  --------  ----------  --------------  -------------------
/opt/airflow/dags/script.py                           0           1  0.11s           2024-05-12T11:43:13
================================================================================
[2024-05-12T11:43:43.619+0000] {manager.py:878} INFO - 
================================================================================
DAG File Processing Stats

File Path                    PID    Runtime      # DAGs    # Errors  Last Runtime    Last Run
---------------------------  -----  ---------  --------  ----------  --------------  -------------------
/opt/airflow/dags/script.py                           0           1  0.10s           2024-05-12T11:43:43
================================================================================
[2024-05-12T11:43:53.903+0000] {manager.py:737} INFO - Searching for files in /opt/airflow/dags
[2024-05-12T11:43:53.923+0000] {manager.py:740} INFO - There are 1 files in /opt/airflow/dags
[2024-05-12T11:44:13.859+0000] {manager.py:878} INFO - 
================================================================================
DAG File Processing Stats

File Path                    PID    Runtime      # DAGs    # Errors  Last Runtime    Last Run
---------------------------  -----  ---------  --------  ----------  --------------  -------------------
/opt/airflow/dags/script.py                           0           1  0.10s           2024-05-12T11:44:13
================================================================================
[2024-05-12T11:44:44.107+0000] {manager.py:878} INFO - 
================================================================================
DAG File Processing Stats

File Path                    PID    Runtime      # DAGs    # Errors  Last Runtime    Last Run
---------------------------  -----  ---------  --------  ----------  --------------  -------------------
/opt/airflow/dags/script.py                           0           1  0.11s           2024-05-12T11:44:44
================================================================================
[2024-05-12T11:45:14.160+0000] {manager.py:878} INFO - 
================================================================================
DAG File Processing Stats

File Path                    PID    Runtime      # DAGs    # Errors  Last Runtime    Last Run
---------------------------  -----  ---------  --------  ----------  --------------  -------------------
/opt/airflow/dags/script.py                           0           1  0.11s           2024-05-12T11:45:12
================================================================================
[2024-05-12T11:45:44.357+0000] {manager.py:878} INFO - 
================================================================================
DAG File Processing Stats

File Path                    PID    Runtime      # DAGs    # Errors  Last Runtime    Last Run
---------------------------  -----  ---------  --------  ----------  --------------  -------------------
/opt/airflow/dags/script.py                           1           0  1.51s           2024-05-12T11:45:36
================================================================================
[2024-05-12T11:46:16.528+0000] {manager.py:878} INFO - 
================================================================================
DAG File Processing Stats

File Path                    PID    Runtime      # DAGs    # Errors  Last Runtime    Last Run
---------------------------  -----  ---------  --------  ----------  --------------  -------------------
/opt/airflow/dags/script.py                           1           0  0.71s           2024-05-12T11:46:16
================================================================================
[2024-05-12T11:46:51.660+0000] {manager.py:878} INFO - 
================================================================================
DAG File Processing Stats

File Path                    PID    Runtime      # DAGs    # Errors  Last Runtime    Last Run
---------------------------  -----  ---------  --------  ----------  --------------  -------------------
/opt/airflow/dags/script.py                           1           0  0.71s           2024-05-12T11:46:51
================================================================================
[2024-05-12T11:47:30.692+0000] {manager.py:878} INFO - 
================================================================================
DAG File Processing Stats

File Path                    PID    Runtime      # DAGs    # Errors  Last Runtime    Last Run
---------------------------  -----  ---------  --------  ----------  --------------  -------------------
/opt/airflow/dags/script.py                           1           0  0.81s           2024-05-12T11:47:30
================================================================================
[2024-05-12T11:48:10.475+0000] {manager.py:878} INFO - 
================================================================================
DAG File Processing Stats

File Path                    PID    Runtime      # DAGs    # Errors  Last Runtime    Last Run
---------------------------  -----  ---------  --------  ----------  --------------  -------------------
/opt/airflow/dags/script.py                           1           0  0.60s           2024-05-12T11:48:10
================================================================================
[2024-05-12T11:48:44.494+0000] {manager.py:878} INFO - 
================================================================================
DAG File Processing Stats

File Path                    PID    Runtime      # DAGs    # Errors  Last Runtime    Last Run
---------------------------  -----  ---------  --------  ----------  --------------  -------------------
/opt/airflow/dags/script.py                           1           0  0.71s           2024-05-12T11:48:44
================================================================================
[2024-05-12T11:48:54.693+0000] {manager.py:737} INFO - Searching for files in /opt/airflow/dags
[2024-05-12T11:48:54.717+0000] {manager.py:740} INFO - There are 1 files in /opt/airflow/dags
[2024-05-12T11:49:15.491+0000] {manager.py:878} INFO - 
================================================================================
DAG File Processing Stats

File Path                    PID    Runtime      # DAGs    # Errors  Last Runtime    Last Run
---------------------------  -----  ---------  --------  ----------  --------------  -------------------
/opt/airflow/dags/script.py                           1           0  0.71s           2024-05-12T11:49:15
================================================================================
[2024-05-12T11:49:59.632+0000] {manager.py:878} INFO - 
================================================================================
DAG File Processing Stats

File Path                    PID    Runtime      # DAGs    # Errors  Last Runtime    Last Run
---------------------------  -----  ---------  --------  ----------  --------------  -------------------
/opt/airflow/dags/script.py                           1           0  0.71s           2024-05-12T11:49:59
================================================================================
[2024-05-12T11:50:34.037+0000] {manager.py:878} INFO - 
================================================================================
DAG File Processing Stats

File Path                    PID    Runtime      # DAGs    # Errors  Last Runtime    Last Run
---------------------------  -----  ---------  --------  ----------  --------------  -------------------
/opt/airflow/dags/script.py                           1           0  0.71s           2024-05-12T11:50:34
================================================================================
[2024-05-12T11:51:09.243+0000] {manager.py:878} INFO - 
================================================================================
DAG File Processing Stats

File Path                    PID    Runtime      # DAGs    # Errors  Last Runtime    Last Run
---------------------------  -----  ---------  --------  ----------  --------------  -------------------
/opt/airflow/dags/script.py                           1           0  0.71s           2024-05-12T11:51:09
================================================================================
[2024-05-12T11:51:41.363+0000] {manager.py:878} INFO - 
================================================================================
DAG File Processing Stats

File Path                    PID    Runtime      # DAGs    # Errors  Last Runtime    Last Run
---------------------------  -----  ---------  --------  ----------  --------------  -------------------
/opt/airflow/dags/script.py                           1           0  0.60s           2024-05-12T11:51:41
================================================================================
[2024-05-12T11:52:12.460+0000] {manager.py:878} INFO - 
================================================================================
DAG File Processing Stats

File Path                    PID    Runtime      # DAGs    # Errors  Last Runtime    Last Run
---------------------------  -----  ---------  --------  ----------  --------------  -------------------
/opt/airflow/dags/script.py                           1           0  0.60s           2024-05-12T11:52:12
================================================================================
[2024-05-12T11:52:43.758+0000] {manager.py:878} INFO - 
================================================================================
DAG File Processing Stats

File Path                    PID    Runtime      # DAGs    # Errors  Last Runtime    Last Run
---------------------------  -----  ---------  --------  ----------  --------------  -------------------
/opt/airflow/dags/script.py                           1           0  0.71s           2024-05-12T11:52:43
================================================================================
[2024-05-12T11:53:14.845+0000] {manager.py:878} INFO - 
================================================================================
DAG File Processing Stats

File Path                    PID    Runtime      # DAGs    # Errors  Last Runtime    Last Run
---------------------------  -----  ---------  --------  ----------  --------------  -------------------
/opt/airflow/dags/script.py                           1           0  0.61s           2024-05-12T11:53:14
================================================================================
[2024-05-12T11:53:53.765+0000] {manager.py:470} INFO - Processing files using up to 1 processes at a time 
[2024-05-12T11:53:53.766+0000] {manager.py:471} INFO - Process each file at most once every 30 seconds
[2024-05-12T11:53:53.767+0000] {manager.py:472} INFO - Checking for new files in /opt/airflow/dags every 300 seconds
[2024-05-12T11:53:53.768+0000] {manager.py:737} INFO - Searching for files in /opt/airflow/dags
[2024-05-12T11:53:53.800+0000] {manager.py:740} INFO - There are 1 files in /opt/airflow/dags
[2024-05-12T11:53:54.993+0000] {manager.py:878} INFO - 
================================================================================
DAG File Processing Stats

File Path                    PID    Runtime      # DAGs    # Errors  Last Runtime    Last Run
---------------------------  -----  ---------  --------  ----------  --------------  -------------------
/opt/airflow/dags/script.py                           1           0  1.01s           2024-05-12T11:53:54
================================================================================
[2024-05-12T11:54:38.051+0000] {manager.py:470} INFO - Processing files using up to 1 processes at a time 
[2024-05-12T11:54:38.052+0000] {manager.py:471} INFO - Process each file at most once every 30 seconds
[2024-05-12T11:54:38.053+0000] {manager.py:472} INFO - Checking for new files in /opt/airflow/dags every 300 seconds
[2024-05-12T11:54:38.053+0000] {manager.py:737} INFO - Searching for files in /opt/airflow/dags
[2024-05-12T11:54:38.076+0000] {manager.py:740} INFO - There are 1 files in /opt/airflow/dags
[2024-05-12T11:54:39.005+0000] {manager.py:878} INFO - 
================================================================================
DAG File Processing Stats

File Path                    PID    Runtime      # DAGs    # Errors  Last Runtime    Last Run
---------------------------  -----  ---------  --------  ----------  --------------  -------------------
/opt/airflow/dags/script.py                           1           0  0.81s           2024-05-12T11:54:39
================================================================================
[2024-05-12T11:55:10.296+0000] {manager.py:878} INFO - 
================================================================================
DAG File Processing Stats

File Path                    PID    Runtime      # DAGs    # Errors  Last Runtime    Last Run
---------------------------  -----  ---------  --------  ----------  --------------  -------------------
/opt/airflow/dags/script.py                           1           0  0.71s           2024-05-12T11:55:10
================================================================================
[2024-05-12T11:55:48.031+0000] {manager.py:470} INFO - Processing files using up to 1 processes at a time 
[2024-05-12T11:55:48.032+0000] {manager.py:471} INFO - Process each file at most once every 30 seconds
[2024-05-12T11:55:48.033+0000] {manager.py:472} INFO - Checking for new files in /opt/airflow/dags every 300 seconds
[2024-05-12T11:55:48.034+0000] {manager.py:737} INFO - Searching for files in /opt/airflow/dags
[2024-05-12T11:55:48.061+0000] {manager.py:740} INFO - There are 1 files in /opt/airflow/dags
[2024-05-12T11:55:49.074+0000] {manager.py:878} INFO - 
================================================================================
DAG File Processing Stats

File Path                    PID    Runtime      # DAGs    # Errors  Last Runtime    Last Run
---------------------------  -----  ---------  --------  ----------  --------------  -------------------
/opt/airflow/dags/script.py                           1           0  0.91s           2024-05-12T11:55:49
================================================================================
[2024-05-12T11:56:20.346+0000] {manager.py:878} INFO - 
================================================================================
DAG File Processing Stats

File Path                    PID    Runtime      # DAGs    # Errors  Last Runtime    Last Run
---------------------------  -----  ---------  --------  ----------  --------------  -------------------
/opt/airflow/dags/script.py                           1           0  0.81s           2024-05-12T11:56:20
================================================================================
[2024-05-12T11:56:51.594+0000] {manager.py:878} INFO - 
================================================================================
DAG File Processing Stats

File Path                    PID    Runtime      # DAGs    # Errors  Last Runtime    Last Run
---------------------------  -----  ---------  --------  ----------  --------------  -------------------
/opt/airflow/dags/script.py                           1           0  0.50s           2024-05-12T11:56:51
================================================================================
[2024-05-12T11:57:21.042+0000] {manager.py:470} INFO - Processing files using up to 1 processes at a time 
[2024-05-12T11:57:21.043+0000] {manager.py:471} INFO - Process each file at most once every 30 seconds
[2024-05-12T11:57:21.044+0000] {manager.py:472} INFO - Checking for new files in /opt/airflow/dags every 300 seconds
[2024-05-12T11:57:21.045+0000] {manager.py:737} INFO - Searching for files in /opt/airflow/dags
[2024-05-12T11:57:21.077+0000] {manager.py:740} INFO - There are 1 files in /opt/airflow/dags
[2024-05-12T11:57:22.001+0000] {manager.py:878} INFO - 
================================================================================
DAG File Processing Stats

File Path                    PID    Runtime      # DAGs    # Errors  Last Runtime    Last Run
---------------------------  -----  ---------  --------  ----------  --------------  -------------------
/opt/airflow/dags/script.py                           1           0  0.81s           2024-05-12T11:57:21
================================================================================
[2024-05-12T11:57:53.311+0000] {manager.py:878} INFO - 
================================================================================
DAG File Processing Stats

File Path                    PID    Runtime      # DAGs    # Errors  Last Runtime    Last Run
---------------------------  -----  ---------  --------  ----------  --------------  -------------------
/opt/airflow/dags/script.py                           1           0  0.71s           2024-05-12T11:57:53
================================================================================
[2024-05-12T11:59:48.783+0000] {manager.py:470} INFO - Processing files using up to 1 processes at a time 
[2024-05-12T11:59:48.784+0000] {manager.py:471} INFO - Process each file at most once every 30 seconds
[2024-05-12T11:59:48.785+0000] {manager.py:472} INFO - Checking for new files in /opt/airflow/dags every 300 seconds
[2024-05-12T11:59:48.786+0000] {manager.py:737} INFO - Searching for files in /opt/airflow/dags
[2024-05-12T11:59:48.817+0000] {manager.py:740} INFO - There are 1 files in /opt/airflow/dags
[2024-05-12T11:59:50.273+0000] {manager.py:878} INFO - 
================================================================================
DAG File Processing Stats

File Path                    PID    Runtime      # DAGs    # Errors  Last Runtime    Last Run
---------------------------  -----  ---------  --------  ----------  --------------  -------------------
/opt/airflow/dags/script.py                           1           0  1.31s           2024-05-12T11:59:50
================================================================================
[2024-05-12T12:00:30.562+0000] {manager.py:470} INFO - Processing files using up to 1 processes at a time 
[2024-05-12T12:00:30.563+0000] {manager.py:471} INFO - Process each file at most once every 30 seconds
[2024-05-12T12:00:30.564+0000] {manager.py:472} INFO - Checking for new files in /opt/airflow/dags every 300 seconds
[2024-05-12T12:00:30.565+0000] {manager.py:737} INFO - Searching for files in /opt/airflow/dags
[2024-05-12T12:00:30.587+0000] {manager.py:740} INFO - There are 1 files in /opt/airflow/dags
[2024-05-12T12:00:31.289+0000] {manager.py:878} INFO - 
================================================================================
DAG File Processing Stats

File Path                    PID    Runtime      # DAGs    # Errors  Last Runtime    Last Run
---------------------------  -----  ---------  --------  ----------  --------------  -------------------
/opt/airflow/dags/script.py                           1           0  0.61s           2024-05-12T12:00:31
================================================================================
[2024-05-12T12:01:04.396+0000] {manager.py:470} INFO - Processing files using up to 1 processes at a time 
[2024-05-12T12:01:04.397+0000] {manager.py:471} INFO - Process each file at most once every 30 seconds
[2024-05-12T12:01:04.397+0000] {manager.py:472} INFO - Checking for new files in /opt/airflow/dags every 300 seconds
[2024-05-12T12:01:04.398+0000] {manager.py:737} INFO - Searching for files in /opt/airflow/dags
[2024-05-12T12:01:04.420+0000] {manager.py:740} INFO - There are 0 files in /opt/airflow/dags
[2024-05-12T12:02:33.864+0000] {manager.py:470} INFO - Processing files using up to 1 processes at a time 
[2024-05-12T12:02:33.865+0000] {manager.py:471} INFO - Process each file at most once every 30 seconds
[2024-05-12T12:02:33.866+0000] {manager.py:472} INFO - Checking for new files in /opt/airflow/dags every 300 seconds
[2024-05-12T12:02:33.867+0000] {manager.py:737} INFO - Searching for files in /opt/airflow/dags
[2024-05-12T12:02:33.892+0000] {manager.py:740} INFO - There are 0 files in /opt/airflow/dags
[2024-05-12T12:07:34.050+0000] {manager.py:737} INFO - Searching for files in /opt/airflow/dags
[2024-05-12T12:07:34.064+0000] {manager.py:740} INFO - There are 0 files in /opt/airflow/dags
[2024-05-12T12:12:34.103+0000] {manager.py:737} INFO - Searching for files in /opt/airflow/dags
[2024-05-12T12:12:34.112+0000] {manager.py:740} INFO - There are 1 files in /opt/airflow/dags
[2024-05-12T12:12:36.506+0000] {manager.py:878} INFO - 
================================================================================
DAG File Processing Stats

File Path                    PID    Runtime      # DAGs    # Errors  Last Runtime    Last Run
---------------------------  -----  ---------  --------  ----------  --------------  -------------------
/opt/airflow/dags/script.py                           0           1  0.10s           2024-05-12T12:12:34
================================================================================
[2024-05-12T12:13:06.632+0000] {manager.py:878} INFO - 
================================================================================
DAG File Processing Stats

File Path                    PID    Runtime      # DAGs    # Errors  Last Runtime    Last Run
---------------------------  -----  ---------  --------  ----------  --------------  -------------------
/opt/airflow/dags/script.py                           1           0  0.81s           2024-05-12T12:13:00
================================================================================
[2024-05-12T12:13:36.766+0000] {manager.py:878} INFO - 
================================================================================
DAG File Processing Stats

File Path                    PID    Runtime      # DAGs    # Errors  Last Runtime    Last Run
---------------------------  -----  ---------  --------  ----------  --------------  -------------------
/opt/airflow/dags/script.py                           1           0  0.50s           2024-05-12T12:13:31
================================================================================
[2024-05-12T12:14:06.899+0000] {manager.py:878} INFO - 
================================================================================
DAG File Processing Stats

File Path                    PID    Runtime      # DAGs    # Errors  Last Runtime    Last Run
---------------------------  -----  ---------  --------  ----------  --------------  -------------------
/opt/airflow/dags/script.py                           1           0  0.61s           2024-05-12T12:14:02
================================================================================
[2024-05-12T12:14:37.034+0000] {manager.py:878} INFO - 
================================================================================
DAG File Processing Stats

File Path                    PID    Runtime      # DAGs    # Errors  Last Runtime    Last Run
---------------------------  -----  ---------  --------  ----------  --------------  -------------------
/opt/airflow/dags/script.py                           1           0  0.71s           2024-05-12T12:14:33
================================================================================
[2024-05-12T12:15:07.170+0000] {manager.py:878} INFO - 
================================================================================
DAG File Processing Stats

File Path                    PID    Runtime      # DAGs    # Errors  Last Runtime    Last Run
---------------------------  -----  ---------  --------  ----------  --------------  -------------------
/opt/airflow/dags/script.py                           1           0  0.61s           2024-05-12T12:15:04
================================================================================
[2024-05-12T12:15:37.276+0000] {manager.py:878} INFO - 
================================================================================
DAG File Processing Stats

File Path                    PID    Runtime      # DAGs    # Errors  Last Runtime    Last Run
---------------------------  -----  ---------  --------  ----------  --------------  -------------------
/opt/airflow/dags/script.py                           1           0  0.71s           2024-05-12T12:15:36
================================================================================
[2024-05-12T12:16:07.410+0000] {manager.py:878} INFO - 
================================================================================
DAG File Processing Stats

File Path                    PID    Runtime      # DAGs    # Errors  Last Runtime    Last Run
---------------------------  -----  ---------  --------  ----------  --------------  -------------------
/opt/airflow/dags/script.py                           1           0  0.61s           2024-05-12T12:16:07
================================================================================
[2024-05-12T12:16:38.091+0000] {manager.py:878} INFO - 
================================================================================
DAG File Processing Stats

File Path                    PID    Runtime      # DAGs    # Errors  Last Runtime    Last Run
---------------------------  -----  ---------  --------  ----------  --------------  -------------------
/opt/airflow/dags/script.py                           1           0  0.51s           2024-05-12T12:16:38
================================================================================
[2024-05-12T12:17:08.852+0000] {manager.py:878} INFO - 
================================================================================
DAG File Processing Stats

File Path                    PID    Runtime      # DAGs    # Errors  Last Runtime    Last Run
---------------------------  -----  ---------  --------  ----------  --------------  -------------------
/opt/airflow/dags/script.py                           1           0  0.61s           2024-05-12T12:17:08
================================================================================
[2024-05-12T12:17:34.287+0000] {manager.py:737} INFO - Searching for files in /opt/airflow/dags
[2024-05-12T12:17:34.306+0000] {manager.py:740} INFO - There are 1 files in /opt/airflow/dags
[2024-05-12T12:17:39.719+0000] {manager.py:878} INFO - 
================================================================================
DAG File Processing Stats

File Path                    PID    Runtime      # DAGs    # Errors  Last Runtime    Last Run
---------------------------  -----  ---------  --------  ----------  --------------  -------------------
/opt/airflow/dags/script.py                           1           0  0.71s           2024-05-12T12:17:39
================================================================================
[2024-05-12T12:18:10.591+0000] {manager.py:878} INFO - 
================================================================================
DAG File Processing Stats

File Path                    PID    Runtime      # DAGs    # Errors  Last Runtime    Last Run
---------------------------  -----  ---------  --------  ----------  --------------  -------------------
/opt/airflow/dags/script.py                           1           0  0.71s           2024-05-12T12:18:10
================================================================================
[2024-05-12T12:18:42.138+0000] {manager.py:878} INFO - 
================================================================================
DAG File Processing Stats

File Path                    PID    Runtime      # DAGs    # Errors  Last Runtime    Last Run
---------------------------  -----  ---------  --------  ----------  --------------  -------------------
/opt/airflow/dags/script.py                           1           0  1.31s           2024-05-12T12:18:42
================================================================================
[2024-05-12T12:19:12.957+0000] {manager.py:878} INFO - 
================================================================================
DAG File Processing Stats

File Path                    PID    Runtime      # DAGs    # Errors  Last Runtime    Last Run
---------------------------  -----  ---------  --------  ----------  --------------  -------------------
/opt/airflow/dags/script.py                           1           0  0.61s           2024-05-12T12:19:12
================================================================================
[2024-05-12T12:19:44.127+0000] {manager.py:878} INFO - 
================================================================================
DAG File Processing Stats

File Path                    PID    Runtime      # DAGs    # Errors  Last Runtime    Last Run
---------------------------  -----  ---------  --------  ----------  --------------  -------------------
/opt/airflow/dags/script.py                           1           0  1.01s           2024-05-12T12:19:44
================================================================================
[2024-05-12T12:20:14.893+0000] {manager.py:878} INFO - 
================================================================================
DAG File Processing Stats

File Path                    PID    Runtime      # DAGs    # Errors  Last Runtime    Last Run
---------------------------  -----  ---------  --------  ----------  --------------  -------------------
/opt/airflow/dags/script.py                           1           0  0.61s           2024-05-12T12:20:14
================================================================================
[2024-05-12T12:20:45.652+0000] {manager.py:878} INFO - 
================================================================================
DAG File Processing Stats

File Path                    PID    Runtime      # DAGs    # Errors  Last Runtime    Last Run
---------------------------  -----  ---------  --------  ----------  --------------  -------------------
/opt/airflow/dags/script.py                           1           0  0.61s           2024-05-12T12:20:45
================================================================================
[2024-05-12T12:21:16.429+0000] {manager.py:878} INFO - 
================================================================================
DAG File Processing Stats

File Path                    PID    Runtime      # DAGs    # Errors  Last Runtime    Last Run
---------------------------  -----  ---------  --------  ----------  --------------  -------------------
/opt/airflow/dags/script.py                           1           0  0.61s           2024-05-12T12:21:16
================================================================================
[2024-05-12T12:21:47.301+0000] {manager.py:878} INFO - 
================================================================================
DAG File Processing Stats

File Path                    PID    Runtime      # DAGs    # Errors  Last Runtime    Last Run
---------------------------  -----  ---------  --------  ----------  --------------  -------------------
/opt/airflow/dags/script.py                           1           0  0.71s           2024-05-12T12:21:47
================================================================================
[2024-05-12T12:22:18.061+0000] {manager.py:878} INFO - 
================================================================================
DAG File Processing Stats

File Path                    PID    Runtime      # DAGs    # Errors  Last Runtime    Last Run
---------------------------  -----  ---------  --------  ----------  --------------  -------------------
/opt/airflow/dags/script.py                           1           0  0.61s           2024-05-12T12:22:18
================================================================================
[2024-05-12T12:22:34.611+0000] {manager.py:737} INFO - Searching for files in /opt/airflow/dags
[2024-05-12T12:22:34.628+0000] {manager.py:740} INFO - There are 1 files in /opt/airflow/dags
[2024-05-12T12:22:48.827+0000] {manager.py:878} INFO - 
================================================================================
DAG File Processing Stats

File Path                    PID    Runtime      # DAGs    # Errors  Last Runtime    Last Run
---------------------------  -----  ---------  --------  ----------  --------------  -------------------
/opt/airflow/dags/script.py                           1           0  0.61s           2024-05-12T12:22:48
================================================================================
[2024-05-12T12:23:19.585+0000] {manager.py:878} INFO - 
================================================================================
DAG File Processing Stats

File Path                    PID    Runtime      # DAGs    # Errors  Last Runtime    Last Run
---------------------------  -----  ---------  --------  ----------  --------------  -------------------
/opt/airflow/dags/script.py                           1           0  0.61s           2024-05-12T12:23:19
================================================================================
[2024-05-12T12:23:50.344+0000] {manager.py:878} INFO - 
================================================================================
DAG File Processing Stats

File Path                    PID    Runtime      # DAGs    # Errors  Last Runtime    Last Run
---------------------------  -----  ---------  --------  ----------  --------------  -------------------
/opt/airflow/dags/script.py                           1           0  0.61s           2024-05-12T12:23:50
================================================================================
[2024-05-12T12:24:21.107+0000] {manager.py:878} INFO - 
================================================================================
DAG File Processing Stats

File Path                    PID    Runtime      # DAGs    # Errors  Last Runtime    Last Run
---------------------------  -----  ---------  --------  ----------  --------------  -------------------
/opt/airflow/dags/script.py                           1           0  0.61s           2024-05-12T12:24:21
================================================================================
[2024-05-12T12:24:52.077+0000] {manager.py:878} INFO - 
================================================================================
DAG File Processing Stats

File Path                    PID    Runtime      # DAGs    # Errors  Last Runtime    Last Run
---------------------------  -----  ---------  --------  ----------  --------------  -------------------
/opt/airflow/dags/script.py                           1           0  0.81s           2024-05-12T12:24:52
================================================================================
[2024-05-12T12:25:22.840+0000] {manager.py:878} INFO - 
================================================================================
DAG File Processing Stats

File Path                    PID    Runtime      # DAGs    # Errors  Last Runtime    Last Run
---------------------------  -----  ---------  --------  ----------  --------------  -------------------
/opt/airflow/dags/script.py                           1           0  0.60s           2024-05-12T12:25:22
================================================================================
[2024-05-12T12:25:53.601+0000] {manager.py:878} INFO - 
================================================================================
DAG File Processing Stats

File Path                    PID    Runtime      # DAGs    # Errors  Last Runtime    Last Run
---------------------------  -----  ---------  --------  ----------  --------------  -------------------
/opt/airflow/dags/script.py                           1           0  0.61s           2024-05-12T12:25:53
================================================================================
[2024-05-12T12:26:24.771+0000] {manager.py:878} INFO - 
================================================================================
DAG File Processing Stats

File Path                    PID    Runtime      # DAGs    # Errors  Last Runtime    Last Run
---------------------------  -----  ---------  --------  ----------  --------------  -------------------
/opt/airflow/dags/script.py                           1           0  1.01s           2024-05-12T12:26:24
================================================================================
[2024-05-12T12:26:55.531+0000] {manager.py:878} INFO - 
================================================================================
DAG File Processing Stats

File Path                    PID    Runtime      # DAGs    # Errors  Last Runtime    Last Run
---------------------------  -----  ---------  --------  ----------  --------------  -------------------
/opt/airflow/dags/script.py                           1           0  0.61s           2024-05-12T12:26:55
================================================================================
[2024-05-12T12:27:26.391+0000] {manager.py:878} INFO - 
================================================================================
DAG File Processing Stats

File Path                    PID    Runtime      # DAGs    # Errors  Last Runtime    Last Run
---------------------------  -----  ---------  --------  ----------  --------------  -------------------
/opt/airflow/dags/script.py                           1           0  0.71s           2024-05-12T12:27:26
================================================================================
[2024-05-12T12:27:35.154+0000] {manager.py:737} INFO - Searching for files in /opt/airflow/dags
[2024-05-12T12:27:35.172+0000] {manager.py:740} INFO - There are 1 files in /opt/airflow/dags
[2024-05-12T12:27:57.163+0000] {manager.py:878} INFO - 
================================================================================
DAG File Processing Stats

File Path                    PID    Runtime      # DAGs    # Errors  Last Runtime    Last Run
---------------------------  -----  ---------  --------  ----------  --------------  -------------------
/opt/airflow/dags/script.py                           1           0  0.61s           2024-05-12T12:27:57
================================================================================
[2024-05-12T12:28:27.925+0000] {manager.py:878} INFO - 
================================================================================
DAG File Processing Stats

File Path                    PID    Runtime      # DAGs    # Errors  Last Runtime    Last Run
---------------------------  -----  ---------  --------  ----------  --------------  -------------------
/opt/airflow/dags/script.py                           1           0  0.61s           2024-05-12T12:28:27
================================================================================
[2024-05-12T12:36:36.431+0000] {manager.py:737} INFO - Searching for files in /opt/airflow/dags
[2024-05-12T12:36:36.449+0000] {manager.py:740} INFO - There are 1 files in /opt/airflow/dags
[2024-05-12T12:36:37.856+0000] {manager.py:878} INFO - 
================================================================================
DAG File Processing Stats

File Path                    PID    Runtime      # DAGs    # Errors  Last Runtime    Last Run
---------------------------  -----  ---------  --------  ----------  --------------  -------------------
/opt/airflow/dags/script.py                           1           0  1.01s           2024-05-12T12:36:37
================================================================================
[2024-05-12T12:37:59.545+0000] {manager.py:878} INFO - 
================================================================================
DAG File Processing Stats

File Path                    PID    Runtime      # DAGs    # Errors  Last Runtime    Last Run
---------------------------  -----  ---------  --------  ----------  --------------  -------------------
/opt/airflow/dags/script.py                           1           0  0.61s           2024-05-12T12:37:33
================================================================================
[2024-05-12T12:38:29.668+0000] {manager.py:878} INFO - 
================================================================================
DAG File Processing Stats

File Path                    PID    Runtime      # DAGs    # Errors  Last Runtime    Last Run
---------------------------  -----  ---------  --------  ----------  --------------  -------------------
/opt/airflow/dags/script.py                           1           0  0.61s           2024-05-12T12:38:05
================================================================================
[2024-05-12T12:38:59.774+0000] {manager.py:878} INFO - 
================================================================================
DAG File Processing Stats

File Path                    PID    Runtime      # DAGs    # Errors  Last Runtime    Last Run
---------------------------  -----  ---------  --------  ----------  --------------  -------------------
/opt/airflow/dags/script.py                           1           0  0.61s           2024-05-12T12:38:36
================================================================================
[2024-05-12T12:39:29.876+0000] {manager.py:878} INFO - 
================================================================================
DAG File Processing Stats

File Path                    PID    Runtime      # DAGs    # Errors  Last Runtime    Last Run
---------------------------  -----  ---------  --------  ----------  --------------  -------------------
/opt/airflow/dags/script.py                           1           0  0.61s           2024-05-12T12:39:07
================================================================================
[2024-05-12T12:39:59.980+0000] {manager.py:878} INFO - 
================================================================================
DAG File Processing Stats

File Path                    PID    Runtime      # DAGs    # Errors  Last Runtime    Last Run
---------------------------  -----  ---------  --------  ----------  --------------  -------------------
/opt/airflow/dags/script.py                           1           0  0.61s           2024-05-12T12:39:38
================================================================================
